

Started GET "/" for 127.0.0.1 at 2014-10-08 16:02:34 +0400
Processing by Rails::WelcomeController#index as HTML
  Rendered /home/neon/.rvm/gems/ruby-2.1.3@gimmimo/gems/railties-4.1.6/lib/rails/templates/rails/welcome/index.html.erb (4.3ms)
Completed 200 OK in 48ms (Views: 21.5ms | ActiveRecord: 0.0ms)


Started GET "/rails/info/properties" for 127.0.0.1 at 2014-10-08 16:02:39 +0400
Processing by Rails::InfoController#properties as HTML
  Rendered /home/neon/.rvm/gems/ruby-2.1.3@gimmimo/gems/railties-4.1.6/lib/rails/templates/rails/info/properties.html.erb (0.9ms)
Completed 200 OK in 80ms (Views: 17.8ms | ActiveRecord: 2.7ms)


Started GET "/" for 127.0.0.1 at 2014-10-09 18:25:59 +0400
Processing by Rails::WelcomeController#index as HTML
  Rendered /home/neon/.rvm/gems/ruby-2.1.3@gimmimo/gems/railties-4.1.6/lib/rails/templates/rails/welcome/index.html.erb (3.8ms)
Completed 200 OK in 65ms (Views: 35.3ms | ActiveRecord: 0.0ms)


Started GET "/" for 127.0.0.1 at 2014-10-09 18:47:14 +0400
Processing by Rails::WelcomeController#index as HTML
  Rendered /home/neon/.rvm/gems/ruby-2.1.3@gimmimo/gems/railties-4.1.6/lib/rails/templates/rails/welcome/index.html.erb (4.7ms)
Completed 200 OK in 41ms (Views: 14.9ms | ActiveRecord: 0.0ms)


Started GET "/" for 127.0.0.1 at 2014-10-09 19:03:09 +0400
Processing by Rails::WelcomeController#index as HTML
  Rendered /home/neon/.rvm/gems/ruby-2.1.3@gimmimo/gems/railties-4.1.6/lib/rails/templates/rails/welcome/index.html.erb (0.1ms)
Completed 200 OK in 6ms (Views: 5.1ms | ActiveRecord: 0.0ms)


Started GET "/" for 127.0.0.1 at 2014-10-09 19:03:45 +0400
Processing by Rails::WelcomeController#index as HTML
  Rendered /home/neon/.rvm/gems/ruby-2.1.3@gimmimo/gems/railties-4.1.6/lib/rails/templates/rails/welcome/index.html.erb (3.5ms)
Completed 200 OK in 41ms (Views: 14.8ms | ActiveRecord: 0.0ms)


Started GET "/" for 127.0.0.1 at 2014-10-09 19:03:48 +0400
Processing by Rails::WelcomeController#index as HTML
  Rendered /home/neon/.rvm/gems/ruby-2.1.3@gimmimo/gems/railties-4.1.6/lib/rails/templates/rails/welcome/index.html.erb (0.1ms)
Completed 200 OK in 3ms (Views: 2.0ms | ActiveRecord: 0.0ms)
